<?xml version="1.0" encoding="UTF-8"?>
<!-- Generated by org.testng.reporters.JUnitReportReporter -->
<testsuite hostname="MONO-9FWQQ34" failures="0" tests="1" name="testclasses.AirNavRadar" time="12.396" errors="0" timestamp="2025-06-10T17:49:02 IST" skipped="0">
  <testcase classname="testclasses.AirNavRadar" name="runthisclass" time="12.396"/>
</testsuite> <!-- testclasses.AirNavRadar -->
