<?xml version="1.0" encoding="UTF-8"?>
<!-- Generated by org.testng.reporters.JUnitReportReporter -->
<testsuite hostname="MONO-9FWQQ34" failures="0" tests="1" name="testclasses.AirNavRadar" time="13.992" errors="0" timestamp="2025-06-08T22:42:44 IST" skipped="0">
  <testcase classname="testclasses.AirNavRadar" name="runthisclass" time="13.992"/>
</testsuite> <!-- testclasses.AirNavRadar -->
